c:\users\matthew\onedrive\programming\dev\mge\monster game engine\monster game engine core\debug\monster game engine core.pdb
c:\users\matthew\onedrive\programming\dev\mge\monster game engine\monster game engine core\debug\monster game engine core.idb
c:\users\matthew\onedrive\programming\dev\mge\monster game engine\monster game engine core\debug\enginemain.obj
c:\users\matthew\onedrive\programming\dev\mge\monster game engine\monster game engine core\debug\drawhouse.obj
c:\users\matthew\onedrive\programming\dev\mge\monster game engine\monster game engine core\debug\window.obj
c:\users\matthew\onedrive\programming\dev\mge\monster game engine\monster game engine core\debug\vc140.pdb
c:\users\matthew\onedrive\programming\dev\mge\monster game engine\monster game engine core\debug\vc140.idb
c:\users\matthew\onedrive\programming\dev\mge\monster game engine\builddebug\monster game engine core.lib
c:\users\matthew\onedrive\programming\dev\mge\monster game engine\builddebug\monster game engine core.dll .ilk
c:\users\matthew\onedrive\programming\dev\mge\monster game engine\builddebug\monster game engine core.dll .lib
c:\users\matthew\onedrive\programming\dev\mge\monster game engine\builddebug\lnk{72ecd482-2a47-45d0-b571-f85ee5c25bd5}.tmp
c:\users\matthew\onedrive\programming\dev\mge\monster game engine\builddebug\monster game engine core.pdb
c:\users\matthew\onedrive\programming\dev\mge\monster game engine\builddebug\monster game engine core.exp
c:\users\matthew\onedrive\programming\dev\mge\monster game engine\monster game engine core\debug\monster .c9722e58.tlog\cl.command.1.tlog
c:\users\matthew\onedrive\programming\dev\mge\monster game engine\monster game engine core\debug\monster .c9722e58.tlog\cl.read.1.tlog
c:\users\matthew\onedrive\programming\dev\mge\monster game engine\monster game engine core\debug\monster .c9722e58.tlog\cl.write.1.tlog
c:\users\matthew\onedrive\programming\dev\mge\monster game engine\monster game engine core\debug\monster .c9722e58.tlog\lib-link.read.1.tlog
c:\users\matthew\onedrive\programming\dev\mge\monster game engine\monster game engine core\debug\monster .c9722e58.tlog\lib-link.write.1.tlog
c:\users\matthew\onedrive\programming\dev\mge\monster game engine\monster game engine core\debug\monster .c9722e58.tlog\lib.command.1.tlog
c:\users\matthew\onedrive\programming\dev\mge\monster game engine\monster game engine core\debug\monster .c9722e58.tlog\link.command.1.tlog
c:\users\matthew\onedrive\programming\dev\mge\monster game engine\monster game engine core\debug\monster .c9722e58.tlog\link.delete.1.tlog
c:\users\matthew\onedrive\programming\dev\mge\monster game engine\monster game engine core\debug\monster .c9722e58.tlog\link.read.1.tlog
c:\users\matthew\onedrive\programming\dev\mge\monster game engine\monster game engine core\debug\monster .c9722e58.tlog\link.write.1.tlog
c:\users\matthew\onedrive\programming\dev\mge\monster game engine\monster game engine core\debug\monster .c9722e58.tlog\monster game engine core.write.1u.tlog
